Determining if the pthread_create exist failed with the following output:
Change Dir: /home/efl4tun/catkin_ws/build/mavros_extras/CMakeFiles/CMakeTmp

Run Build Command:"/usr/bin/make" "cmTC_28f2b/fast"
/usr/bin/make -f CMakeFiles/cmTC_28f2b.dir/build.make CMakeFiles/cmTC_28f2b.dir/build
make[1]: Entering directory '/home/efl4tun/catkin_ws/build/mavros_extras/CMakeFiles/CMakeTmp'
Building C object CMakeFiles/cmTC_28f2b.dir/CheckSymbolExists.c.o
/usr/bin/cc     -o CMakeFiles/cmTC_28f2b.dir/CheckSymbolExists.c.o   -c /home/efl4tun/catkin_ws/build/mavros_extras/CMakeFiles/CMakeTmp/CheckSymbolExists.c
Linking C executable cmTC_28f2b
/usr/bin/cmake -E cmake_link_script CMakeFiles/cmTC_28f2b.dir/link.txt --verbose=1
/usr/bin/cc       CMakeFiles/cmTC_28f2b.dir/CheckSymbolExists.c.o  -o cmTC_28f2b -rdynamic 
CMakeFiles/cmTC_28f2b.dir/CheckSymbolExists.c.o: In function `main':
CheckSymbolExists.c:(.text+0x16): undefined reference to `pthread_create'
collect2: error: ld returned 1 exit status
CMakeFiles/cmTC_28f2b.dir/build.make:97: recipe for target 'cmTC_28f2b' failed
make[1]: *** [cmTC_28f2b] Error 1
make[1]: Leaving directory '/home/efl4tun/catkin_ws/build/mavros_extras/CMakeFiles/CMakeTmp'
Makefile:126: recipe for target 'cmTC_28f2b/fast' failed
make: *** [cmTC_28f2b/fast] Error 2

File /home/efl4tun/catkin_ws/build/mavros_extras/CMakeFiles/CMakeTmp/CheckSymbolExists.c:
/* */
#include <pthread.h>

int main(int argc, char** argv)
{
  (void)argv;
#ifndef pthread_create
  return ((int*)(&pthread_create))[argc];
#else
  (void)argc;
  return 0;
#endif
}

Determining if the function pthread_create exists in the pthreads failed with the following output:
Change Dir: /home/efl4tun/catkin_ws/build/mavros_extras/CMakeFiles/CMakeTmp

Run Build Command:"/usr/bin/make" "cmTC_32606/fast"
/usr/bin/make -f CMakeFiles/cmTC_32606.dir/build.make CMakeFiles/cmTC_32606.dir/build
make[1]: Entering directory '/home/efl4tun/catkin_ws/build/mavros_extras/CMakeFiles/CMakeTmp'
Building C object CMakeFiles/cmTC_32606.dir/CheckFunctionExists.c.o
/usr/bin/cc    -DCHECK_FUNCTION_EXISTS=pthread_create   -o CMakeFiles/cmTC_32606.dir/CheckFunctionExists.c.o   -c /usr/share/cmake-3.5/Modules/CheckFunctionExists.c
Linking C executable cmTC_32606
/usr/bin/cmake -E cmake_link_script CMakeFiles/cmTC_32606.dir/link.txt --verbose=1
/usr/bin/cc   -DCHECK_FUNCTION_EXISTS=pthread_create    CMakeFiles/cmTC_32606.dir/CheckFunctionExists.c.o  -o cmTC_32606 -rdynamic -lpthreads 
/usr/bin/ld: cannot find -lpthreads
collect2: error: ld returned 1 exit status
CMakeFiles/cmTC_32606.dir/build.make:97: recipe for target 'cmTC_32606' failed
make[1]: *** [cmTC_32606] Error 1
make[1]: Leaving directory '/home/efl4tun/catkin_ws/build/mavros_extras/CMakeFiles/CMakeTmp'
Makefile:126: recipe for target 'cmTC_32606/fast' failed
make: *** [cmTC_32606/fast] Error 2


