Determining if the pthread_create exist failed with the following output:
Change Dir: /home/efl4tun/catkin_ws/build/dronemap/CMakeFiles/CMakeTmp

Run Build Command:"/usr/bin/make" "cmTC_14287/fast"
/usr/bin/make -f CMakeFiles/cmTC_14287.dir/build.make CMakeFiles/cmTC_14287.dir/build
make[1]: Entering directory '/home/efl4tun/catkin_ws/build/dronemap/CMakeFiles/CMakeTmp'
Building C object CMakeFiles/cmTC_14287.dir/CheckSymbolExists.c.o
/usr/bin/cc     -o CMakeFiles/cmTC_14287.dir/CheckSymbolExists.c.o   -c /home/efl4tun/catkin_ws/build/dronemap/CMakeFiles/CMakeTmp/CheckSymbolExists.c
Linking C executable cmTC_14287
/usr/bin/cmake -E cmake_link_script CMakeFiles/cmTC_14287.dir/link.txt --verbose=1
/usr/bin/cc       CMakeFiles/cmTC_14287.dir/CheckSymbolExists.c.o  -o cmTC_14287 -rdynamic 
CMakeFiles/cmTC_14287.dir/CheckSymbolExists.c.o: In function `main':
CheckSymbolExists.c:(.text+0x16): undefined reference to `pthread_create'
collect2: error: ld returned 1 exit status
CMakeFiles/cmTC_14287.dir/build.make:97: recipe for target 'cmTC_14287' failed
make[1]: *** [cmTC_14287] Error 1
make[1]: Leaving directory '/home/efl4tun/catkin_ws/build/dronemap/CMakeFiles/CMakeTmp'
Makefile:126: recipe for target 'cmTC_14287/fast' failed
make: *** [cmTC_14287/fast] Error 2

File /home/efl4tun/catkin_ws/build/dronemap/CMakeFiles/CMakeTmp/CheckSymbolExists.c:
/* */
#include <pthread.h>

int main(int argc, char** argv)
{
  (void)argv;
#ifndef pthread_create
  return ((int*)(&pthread_create))[argc];
#else
  (void)argc;
  return 0;
#endif
}

Determining if the function pthread_create exists in the pthreads failed with the following output:
Change Dir: /home/efl4tun/catkin_ws/build/dronemap/CMakeFiles/CMakeTmp

Run Build Command:"/usr/bin/make" "cmTC_cf285/fast"
/usr/bin/make -f CMakeFiles/cmTC_cf285.dir/build.make CMakeFiles/cmTC_cf285.dir/build
make[1]: Entering directory '/home/efl4tun/catkin_ws/build/dronemap/CMakeFiles/CMakeTmp'
Building C object CMakeFiles/cmTC_cf285.dir/CheckFunctionExists.c.o
/usr/bin/cc    -DCHECK_FUNCTION_EXISTS=pthread_create   -o CMakeFiles/cmTC_cf285.dir/CheckFunctionExists.c.o   -c /usr/share/cmake-3.5/Modules/CheckFunctionExists.c
Linking C executable cmTC_cf285
/usr/bin/cmake -E cmake_link_script CMakeFiles/cmTC_cf285.dir/link.txt --verbose=1
/usr/bin/cc   -DCHECK_FUNCTION_EXISTS=pthread_create    CMakeFiles/cmTC_cf285.dir/CheckFunctionExists.c.o  -o cmTC_cf285 -rdynamic -lpthreads 
/usr/bin/ld: cannot find -lpthreads
collect2: error: ld returned 1 exit status
CMakeFiles/cmTC_cf285.dir/build.make:97: recipe for target 'cmTC_cf285' failed
make[1]: *** [cmTC_cf285] Error 1
make[1]: Leaving directory '/home/efl4tun/catkin_ws/build/dronemap/CMakeFiles/CMakeTmp'
Makefile:126: recipe for target 'cmTC_cf285/fast' failed
make: *** [cmTC_cf285/fast] Error 2


